<?xml version="1.0" encoding="UTF-8"?>
<!-- Generated by org.testng.reporters.JUnitReportReporter -->
<testsuite hostname="DESKTOP-G6DENFV" failures="0" tests="1" name="com.assignment.bitm.TicketBookingTest" time="52.397" errors="0" timestamp="2020-07-24T19:57:30 BDT" skipped="0">
  <testcase classname="com.assignment.bitm.TicketBookingTest" name="f" time="52.397"/>
  <system-out/>
</testsuite> <!-- com.assignment.bitm.TicketBookingTest -->
